2026-04-08 13:41:30, MOVE, v:1, k:fup@round, mode:PICK
2026-04-08 13:41:40, EXEC, v:1, k:fup@round, mode:FULL, rate:0, size:5
2026-04-08 13:41:39, MOVE, v:1, k:fup@round, mode:EDIT
2026-04-08 13:44:41, MOVE, v:1, k:fup@round, mode:EDIT
2026-04-08 13:49:54, EXEC, v:1, k:fup@round, mode:FULL, rate:8, size:7
2026-04-08 13:51:08, MOVE, v:1, k:fup@round, mode:EDIT
2026-04-08 13:49:53, MOVE, v:1, k:fup@round, mode:EDIT
2026-04-08 13:55:53, MOVE, v:1, k:fup@round, mode:EDIT
2026-04-08 14:00:43, MOVE, v:1, k:fup@round, mode:EDIT
2026-04-08 13:59:53, MOVE, v:1, k:fup@round, mode:EDIT
2026-04-08 14:02:44, EXEC, v:1, k:fup@round, mode:FULL, rate:100, size:42
2026-04-08 14:05:28, MOVE, v:1, k:fup@round, mode:EDIT
2026-04-08 14:02:44, MOVE, v:1, k:fup@round, mode:EDIT
2026-04-08 14:11:07, MOVE, v:1, k:fup@round, mode:EDIT
2026-04-08 14:16:00, EXEC, v:1, k:fup@round, mode:FULL, rate:0, size:19
2026-04-08 14:15:59, MOVE, v:1, k:fup@round, mode:EDIT
2026-04-08 14:15:59, MOVE, v:1, k:fup@round, mode:EDIT
2026-04-08 14:19:33, EXEC, v:1, k:fup@round, mode:FULL, rate:0
2026-04-08 14:20:41, MOVE, v:1, k:fup@round, mode:BACK
2026-04-08 14:20:46, MOVE, v:1, k:fup@mumia, mode:DOWN
2026-04-08 14:20:47, MOVE, v:1, k:fup@mumia, mode:PICK
2026-04-08 14:20:15, MOVE, v:1, k:fup@round, mode:EDIT
2026-04-08 14:19:33, MOVE, v:1, k:fup@round, mode:EDIT
2026-04-08 14:20:46, MOVE, v:1, k:fup@mumia, mode:EDIT
2026-04-08 14:20:46, MOVE, v:1, k:fup@mumia, mode:EDIT
2026-04-08 14:26:09, MOVE, v:1, k:fup@mumia, mode:EDIT
2026-04-08 14:29:38, EXEC, v:1, k:fup@mumia, mode:FULL, rate:100, size:20
2026-04-08 14:29:45, EXEC, v:1, k:fup@mumia, mode:FREE
2026-04-08 14:30:41, SELF, v:1, k:fup@mumia, self:1, rate:100, study:12
2026-04-08 14:30:43, MOVE, v:1, k:fup@mumia, mode:BACK
2026-04-08 14:30:55, MOVE, v:1, k:fup@guarda, mode:PICK
2026-04-08 14:30:56, EXEC, v:1, k:fup@guarda, mode:FULL, rate:100, size:22
2026-04-08 14:29:34, MOVE, v:1, k:fup@mumia, mode:EDIT
2026-04-08 14:30:08, MOVE, v:1, k:fup@mumia, mode:EDIT
2026-04-08 14:30:56, MOVE, v:1, k:fup@guarda, mode:EDIT
2026-04-08 14:31:43, SELF, v:1, k:fup@guarda, self:1, rate:100, study:16
2026-04-08 14:31:46, MOVE, v:1, k:fup@guarda, mode:BACK
2026-04-08 14:31:50, MOVE, v:1, k:fup@calc, mode:PICK
2026-04-08 14:31:52, EXEC, v:1, k:fup@calc, mode:FULL, rate:100
2026-04-08 14:32:03, SELF, v:1, k:fup@calc, self:1, rate:100, study:17, friend:DaviD Sena
2026-04-08 14:32:05, EXEC, v:1, k:fup@calc, mode:FULL, rate:100
2026-04-08 14:32:05, MOVE, v:1, k:fup@calc, mode:BACK
