2026-03-16 16:34:04, MOVE, v:1, k:fup@sobrou, mode:DOWN
2026-03-16 16:34:19, MOVE, v:1, k:fup@sobrou, mode:PICK
2026-03-16 16:34:28, EXEC, v:1, k:fup@sobrou, mode:FULL, rate:0, size:5
2026-03-16 16:37:51, MOVE, v:1, k:fup@sobrou, mode:BACK
2026-03-16 16:57:56, MOVE, v:1, k:fup@sobrou, mode:PICK
2026-03-16 16:57:57, EXEC, v:1, k:fup@sobrou, mode:FULL, size:18, fail:COMP
2026-03-16 16:57:58, EXEC, v:1, k:fup@sobrou, mode:FULL, fail:COMP
2026-03-16 16:57:59, EXEC, v:1, k:fup@sobrou, mode:FULL, fail:COMP
2026-03-16 16:57:59, EXEC, v:1, k:fup@sobrou, mode:FULL, fail:COMP
2026-03-16 16:57:59, EXEC, v:1, k:fup@sobrou, mode:FULL, fail:COMP
2026-03-16 16:58:00, EXEC, v:1, k:fup@sobrou, mode:FULL, fail:COMP
2026-03-16 16:58:00, EXEC, v:1, k:fup@sobrou, mode:FULL, fail:COMP
2026-03-16 16:58:00, EXEC, v:1, k:fup@sobrou, mode:FULL, fail:COMP
2026-03-16 16:58:00, EXEC, v:1, k:fup@sobrou, mode:FULL, fail:COMP
2026-03-16 17:29:25, MOVE, v:1, k:fup@sobrou, mode:PICK
2026-03-16 17:29:27, EXEC, v:1, k:fup@sobrou, mode:FULL, fail:COMP
2026-03-16 17:29:28, EXEC, v:1, k:fup@sobrou, mode:FULL, fail:COMP
2026-03-16 17:29:28, EXEC, v:1, k:fup@sobrou, mode:FULL, fail:COMP
2026-03-16 17:29:29, EXEC, v:1, k:fup@sobrou, mode:FULL, fail:COMP
2026-03-16 17:29:49, EXEC, v:1, k:fup@sobrou, mode:FULL, rate:0, size:17
2026-03-16 17:34:26, EXEC, v:1, k:fup@sobrou, mode:FULL, rate:0, size:21
2026-03-16 17:34:30, EXEC, v:1, k:fup@sobrou, mode:FREE
2026-03-16 17:35:16, MOVE, v:1, k:fup@sobrou, mode:PICK
2026-03-16 17:35:17, EXEC, v:1, k:fup@sobrou, mode:FULL, rate:0
2026-03-16 17:37:57, MOVE, v:1, k:fup@sobrou, mode:BACK
2026-03-16 17:38:00, MOVE, v:1, k:fup@sobrou, mode:DOWN
2026-03-16 17:38:02, MOVE, v:1, k:fup@sobrou, mode:DOWN
2026-03-16 17:38:03, MOVE, v:1, k:fup@sobrou, mode:DOWN
2026-03-16 17:38:03, MOVE, v:1, k:fup@sobrou, mode:DOWN
2026-03-16 17:38:03, MOVE, v:1, k:fup@sobrou, mode:DOWN
2026-03-16 17:38:03, MOVE, v:1, k:fup@sobrou, mode:DOWN
2026-03-16 17:38:03, MOVE, v:1, k:fup@sobrou, mode:DOWN
2026-03-16 17:38:03, MOVE, v:1, k:fup@sobrou, mode:DOWN
2026-03-16 17:38:04, MOVE, v:1, k:fup@sobrou, mode:DOWN
2026-03-16 17:38:04, MOVE, v:1, k:fup@sobrou, mode:DOWN
2026-03-16 17:38:04, MOVE, v:1, k:fup@sobrou, mode:DOWN
2026-03-16 17:38:04, MOVE, v:1, k:fup@sobrou, mode:DOWN
2026-03-16 17:38:04, MOVE, v:1, k:fup@sobrou, mode:DOWN
2026-03-16 17:38:05, MOVE, v:1, k:fup@sobrou, mode:DOWN
2026-03-16 17:38:05, MOVE, v:1, k:fup@sobrou, mode:DOWN
2026-03-16 17:38:05, MOVE, v:1, k:fup@sobrou, mode:DOWN
2026-03-16 17:38:07, MOVE, v:1, k:fup@sobrou, mode:DOWN
2026-03-16 17:38:08, MOVE, v:1, k:fup@sobrou, mode:DOWN
2026-03-16 17:38:08, MOVE, v:1, k:fup@sobrou, mode:DOWN
2026-03-16 17:38:09, MOVE, v:1, k:fup@sobrou, mode:DOWN
2026-03-16 17:41:43, MOVE, v:1, k:fup@sobrou, mode:DOWN
2026-03-16 17:41:59, MOVE, v:1, k:fup@sobrou, mode:DOWN
2026-03-16 17:43:11, MOVE, v:1, k:fup@sobrou, mode:DOWN
2026-03-16 17:43:33, MOVE, v:1, k:fup@sobrou, mode:DOWN
2026-03-16 17:43:35, MOVE, v:1, k:fup@sobrou, mode:DOWN
2026-03-16 17:43:35, MOVE, v:1, k:fup@sobrou, mode:DOWN
2026-03-16 17:43:36, MOVE, v:1, k:fup@sobrou, mode:DOWN
2026-03-16 17:43:36, MOVE, v:1, k:fup@sobrou, mode:DOWN
2026-03-16 17:43:36, MOVE, v:1, k:fup@sobrou, mode:DOWN
2026-03-16 17:43:36, MOVE, v:1, k:fup@sobrou, mode:DOWN
2026-03-16 17:43:36, MOVE, v:1, k:fup@sobrou, mode:DOWN
2026-03-16 17:43:36, MOVE, v:1, k:fup@sobrou, mode:DOWN
2026-03-16 17:43:37, MOVE, v:1, k:fup@sobrou, mode:DOWN
2026-03-16 17:43:37, MOVE, v:1, k:fup@sobrou, mode:DOWN
2026-03-16 17:43:37, MOVE, v:1, k:fup@sobrou, mode:DOWN
2026-03-16 17:43:37, MOVE, v:1, k:fup@sobrou, mode:DOWN
2026-03-16 17:43:37, MOVE, v:1, k:fup@sobrou, mode:DOWN
2026-03-16 17:43:37, MOVE, v:1, k:fup@sobrou, mode:DOWN
2026-03-16 17:43:38, MOVE, v:1, k:fup@sobrou, mode:DOWN
2026-03-16 17:43:38, MOVE, v:1, k:fup@sobrou, mode:DOWN
2026-03-16 17:43:38, MOVE, v:1, k:fup@sobrou, mode:DOWN
2026-03-16 17:43:38, MOVE, v:1, k:fup@sobrou, mode:DOWN
2026-03-16 17:43:38, MOVE, v:1, k:fup@sobrou, mode:DOWN
2026-03-16 17:43:38, MOVE, v:1, k:fup@sobrou, mode:DOWN
2026-03-16 17:43:38, MOVE, v:1, k:fup@sobrou, mode:DOWN
2026-03-16 17:43:38, MOVE, v:1, k:fup@sobrou, mode:DOWN
2026-03-16 17:43:38, MOVE, v:1, k:fup@sobrou, mode:DOWN
2026-03-16 17:43:39, MOVE, v:1, k:fup@sobrou, mode:DOWN
2026-03-16 17:43:39, MOVE, v:1, k:fup@sobrou, mode:DOWN
2026-03-16 17:43:39, MOVE, v:1, k:fup@sobrou, mode:DOWN
2026-03-16 17:43:39, MOVE, v:1, k:fup@sobrou, mode:DOWN
2026-03-16 17:43:39, MOVE, v:1, k:fup@sobrou, mode:DOWN
2026-03-16 17:43:39, MOVE, v:1, k:fup@sobrou, mode:DOWN
2026-03-16 17:43:39, MOVE, v:1, k:fup@sobrou, mode:DOWN
