2026-04-11 10:31:09, MOVE, v:1, k:fup@mumia, mode:PICK
2026-04-11 10:31:13, EXEC, v:1, k:fup@mumia, mode:FULL, rate:100
2026-04-11 10:31:26, SELF, v:1, k:fup@mumia, self:1, rate:100, study:10
2026-04-11 10:31:28, MOVE, v:1, k:fup@mumia, mode:BACK
2026-04-11 10:31:39, MOVE, v:1, k:fup@meio, mode:PICK
2026-04-11 10:31:41, EXEC, v:1, k:fup@meio, mode:FULL, rate:60
2026-04-11 10:34:50, EXEC, v:1, k:fup@meio, mode:FULL, rate:100, size:15
2026-04-11 10:35:34, MOVE, v:1, k:fup@meio, mode:BACK
2026-04-11 10:35:49, SELF, v:1, k:fup@meio, self:1, rate:100, study:16
2026-04-11 10:31:13, MOVE, v:1, k:fup@mumia, mode:EDIT
2026-04-11 10:34:49, MOVE, v:1, k:fup@meio, mode:EDIT
2026-04-11 10:34:49, MOVE, v:1, k:fup@meio, mode:EDIT
2026-04-11 10:35:59, MOVE, v:1, k:fup@jokenpo, mode:DOWN
2026-04-11 10:36:00, MOVE, v:1, k:fup@jokenpo, mode:PICK
2026-04-11 10:36:01, EXEC, v:1, k:fup@jokenpo, mode:FULL, rate:0, size:5
2026-04-11 10:36:29, EXEC, v:1, k:fup@jokenpo, mode:FULL, rate:0, size:5
2026-04-11 10:35:59, MOVE, v:1, k:fup@jokenpo, mode:EDIT
2026-04-11 10:35:59, MOVE, v:1, k:fup@jokenpo, mode:EDIT
2026-04-11 10:40:45, MOVE, v:1, k:fup@jokenpo, mode:EDIT
2026-04-11 10:36:29, MOVE, v:1, k:fup@jokenpo, mode:EDIT
2026-04-11 10:43:02, EXEC, v:1, k:fup@jokenpo, mode:FULL, rate:100, size:15
