2026-04-28 16:50:30, MOVE, v:1, k:fup@salario, mode:PICK
2026-04-28 16:50:31, EXEC, v:1, k:fup@salario, mode:FULL, rate:100
2026-04-28 16:50:32, EXEC, v:1, k:fup@salario, mode:FULL, rate:100
2026-04-28 16:50:32, MOVE, v:1, k:fup@salario, mode:BACK
2026-04-28 16:50:34, MOVE, v:1, k:fup@game10, mode:PICK
2026-04-28 16:50:35, EXEC, v:1, k:fup@game10, mode:FULL, rate:0, size:5
2026-04-28 16:50:37, MOVE, v:1, k:fup@game10, mode:BACK
2026-04-28 16:50:43, MOVE, v:1, k:fup@teleferico, mode:PICK
2026-04-28 16:50:43, EXEC, v:1, k:fup@teleferico, mode:FULL, rate:62
2026-04-28 16:50:44, MOVE, v:1, k:fup@teleferico, mode:BACK
2026-04-28 16:50:57, MOVE, v:1, k:fup@vet_ii, mode:PICK
2026-04-28 16:50:57, EXEC, v:1, k:fup@vet_ii, mode:FULL, rate:0
2026-04-28 16:50:58, MOVE, v:1, k:fup@vet_ii, mode:BACK
2026-04-28 16:51:37, MOVE, v:1, k:fup@loop_iv, mode:PICK
2026-04-28 16:51:38, EXEC, v:1, k:fup@loop_iv, mode:FULL, rate:0
2026-04-28 16:51:52, MOVE, v:1, k:fup@loop_iv, mode:BACK
2026-04-28 16:51:53, MOVE, v:1, k:fup@loop_iv, mode:PICK
2026-04-28 16:51:54, EXEC, v:1, k:fup@loop_iv, mode:FULL, rate:0
2026-04-28 16:52:05, MOVE, v:1, k:fup@loop_iv, mode:BACK
2026-04-28 16:52:10, MOVE, v:1, k:fup@loop_iv, mode:PICK
2026-04-28 16:52:11, EXEC, v:1, k:fup@loop_iv, mode:FULL, rate:0
2026-04-28 16:53:36, EXEC, v:1, k:fup@loop_iv, mode:FULL, rate:0, size:9
2026-04-28 16:53:44, EXEC, v:1, k:fup@loop_iv, mode:FULL, rate:0, size:9
2026-04-28 16:54:08, EXEC, v:1, k:fup@loop_iv, mode:FULL, rate:0, size:11
2026-04-28 16:54:47, EXEC, v:1, k:fup@loop_iv, mode:FULL, rate:0, size:11
2026-04-28 16:55:09, EXEC, v:1, k:fup@loop_iv, mode:FULL, rate:0, size:11
2026-04-28 16:50:32, MOVE, v:1, k:fup@salario, mode:EDIT
2026-04-28 16:50:35, MOVE, v:1, k:fup@game10, mode:EDIT
2026-04-28 16:50:43, MOVE, v:1, k:fup@teleferico, mode:EDIT
2026-04-28 16:50:57, MOVE, v:1, k:fup@vet_ii, mode:EDIT
2026-04-28 16:55:09, MOVE, v:1, k:fup@loop_iv, mode:EDIT
2026-04-28 16:55:09, MOVE, v:1, k:fup@loop_iv, mode:EDIT
2026-04-28 16:57:59, EXEC, v:1, k:fup@loop_iv, mode:FULL, rate:0, size:17
2026-04-28 16:58:15, EXEC, v:1, k:fup@loop_iv, mode:FULL, rate:0, size:17
2026-04-28 16:58:44, EXEC, v:1, k:fup@loop_iv, mode:FULL, rate:0, size:17
2026-04-28 16:59:36, EXEC, v:1, k:fup@loop_iv, mode:FULL, rate:0, size:17
2026-04-28 17:00:02, MOVE, v:1, k:fup@loop_iv, mode:EDIT
2026-04-28 16:59:36, MOVE, v:1, k:fup@loop_iv, mode:EDIT
2026-04-28 17:00:34, EXEC, v:1, k:fup@loop_iv, mode:FULL, rate:0, size:18
2026-04-28 17:00:40, EXEC, v:1, k:fup@loop_iv, mode:FULL, rate:0, size:18
2026-04-28 17:00:59, EXEC, v:1, k:fup@loop_iv, mode:FULL, rate:0, size:18
2026-04-28 17:01:08, EXEC, v:1, k:fup@loop_iv, mode:FULL, rate:0, size:18
2026-04-28 17:01:29, EXEC, v:1, k:fup@loop_iv, mode:FULL, rate:0
2026-04-28 17:01:44, EXEC, v:1, k:fup@loop_iv, mode:FULL, rate:0, size:18
2026-04-28 17:01:52, EXEC, v:1, k:fup@loop_iv, mode:FULL, rate:0, size:18
2026-04-28 17:02:13, EXEC, v:1, k:fup@loop_iv, mode:FULL, rate:0, size:18
2026-04-28 17:02:37, EXEC, v:1, k:fup@loop_iv, mode:FULL, rate:0, size:18
2026-04-28 17:02:54, EXEC, v:1, k:fup@loop_iv, mode:FULL, rate:0, size:18
2026-04-28 17:04:17, EXEC, v:1, k:fup@loop_iv, mode:FULL, rate:0, size:18
2026-04-28 17:04:19, EXEC, v:1, k:fup@loop_iv, mode:FULL, rate:0
2026-04-28 17:04:23, EXEC, v:1, k:fup@loop_iv, mode:FULL, rate:0, size:18
2026-04-28 17:04:25, EXEC, v:1, k:fup@loop_iv, mode:FULL, rate:0, size:18
2026-04-28 17:04:25, EXEC, v:1, k:fup@loop_iv, mode:FULL, rate:0, size:18
2026-04-28 17:04:26, EXEC, v:1, k:fup@loop_iv, mode:FULL, rate:0, size:18
2026-04-28 17:04:27, EXEC, v:1, k:fup@loop_iv, mode:FULL, rate:0
2026-04-28 17:04:30, EXEC, v:1, k:fup@loop_iv, mode:FULL, rate:0, size:18
2026-04-28 17:04:32, EXEC, v:1, k:fup@loop_iv, mode:FULL, rate:0
2026-04-28 17:04:40, EXEC, v:1, k:fup@loop_iv, mode:FULL, rate:0, size:18
2026-04-28 17:04:46, EXEC, v:1, k:fup@loop_iv, mode:FULL, rate:0
2026-04-28 17:04:48, EXEC, v:1, k:fup@loop_iv, mode:FULL, rate:0, size:18
2026-04-28 17:05:02, EXEC, v:1, k:fup@loop_iv, mode:FULL, rate:0, size:18
2026-04-28 17:04:59, MOVE, v:1, k:fup@loop_iv, mode:EDIT
2026-04-28 17:05:02, MOVE, v:1, k:fup@loop_iv, mode:EDIT
2026-04-28 17:05:22, EXEC, v:1, k:fup@loop_iv, mode:FULL, rate:0, size:18
2026-04-28 17:05:23, EXEC, v:1, k:fup@loop_iv, mode:FULL, rate:0
2026-04-28 17:05:50, EXEC, v:1, k:fup@loop_iv, mode:FULL, rate:0, size:22
2026-04-28 17:07:23, EXEC, v:1, k:fup@loop_iv, mode:FULL, rate:0, size:22
2026-04-28 17:07:30, EXEC, v:1, k:fup@loop_iv, mode:FULL, rate:0, size:22
2026-04-28 17:07:36, EXEC, v:1, k:fup@loop_iv, mode:FULL, rate:0, size:22
2026-04-28 17:08:05, EXEC, v:1, k:fup@loop_iv, mode:FULL, rate:0
2026-04-28 17:08:40, EXEC, v:1, k:fup@loop_iv, mode:FULL, rate:0, size:22
2026-04-28 17:09:01, EXEC, v:1, k:fup@loop_iv, mode:FULL, rate:0
2026-04-28 17:09:25, EXEC, v:1, k:fup@loop_iv, mode:FULL, rate:100, size:22
2026-04-28 17:09:33, MOVE, v:1, k:fup@loop_iv, mode:BACK
2026-04-28 17:09:38, MOVE, v:1, k:fup@loop_iv, mode:PICK
2026-04-28 17:09:39, EXEC, v:1, k:fup@loop_iv, mode:FULL, rate:100
2026-04-28 17:09:47, SELF, v:1, k:fup@loop_iv, self:1, rate:100, study:12
2026-04-28 17:09:48, MOVE, v:1, k:fup@loop_iv, mode:BACK
2026-04-28 17:09:58, MOVE, v:1, k:fup@pares, mode:PICK
2026-04-28 17:09:59, EXEC, v:1, k:fup@pares, mode:FULL, rate:100
2026-04-28 17:09:59, EXEC, v:1, k:fup@pares, mode:FULL, rate:100
2026-04-28 17:10:01, MOVE, v:1, k:fup@pares, mode:BACK
2026-04-28 17:10:09, MOVE, v:1, k:fup@loop_v, mode:DOWN
2026-04-28 17:10:10, MOVE, v:1, k:fup@loop_v, mode:PICK
2026-04-28 17:10:11, EXEC, v:1, k:fup@loop_v, mode:FULL, rate:0, size:5
2026-04-28 17:09:39, MOVE, v:1, k:fup@loop_iv, mode:EDIT
2026-04-28 17:09:24, MOVE, v:1, k:fup@loop_iv, mode:EDIT
2026-04-28 17:09:59, MOVE, v:1, k:fup@pares, mode:EDIT
2026-04-28 17:10:09, MOVE, v:1, k:fup@loop_v, mode:EDIT
2026-04-28 17:10:09, MOVE, v:1, k:fup@loop_v, mode:EDIT
2026-04-28 17:10:11, MOVE, v:1, k:fup@loop_v, mode:EDIT
2026-04-28 17:10:31, MOVE, v:1, k:fup@loop_iv, mode:EDIT
2026-04-28 17:15:09, MOVE, v:1, k:fup@loop_v, mode:EDIT
2026-04-28 17:15:43, EXEC, v:1, k:fup@loop_v, mode:FULL, rate:0, size:18
2026-04-28 17:18:58, EXEC, v:1, k:fup@loop_v, mode:FULL, rate:0, size:17
2026-04-28 17:19:15, EXEC, v:1, k:fup@loop_v, mode:FULL, rate:0, size:18
2026-04-28 17:19:47, EXEC, v:1, k:fup@loop_v, mode:FULL, rate:0, size:19
2026-04-28 17:19:59, EXEC, v:1, k:fup@loop_v, mode:FULL, rate:0
2026-04-28 17:20:00, EXEC, v:1, k:fup@loop_v, mode:FULL, rate:0, size:19
2026-04-28 17:20:01, EXEC, v:1, k:fup@loop_v, mode:FULL, rate:0
2026-04-28 17:20:02, EXEC, v:1, k:fup@loop_v, mode:FULL, rate:0
2026-04-28 17:20:02, EXEC, v:1, k:fup@loop_v, mode:FULL, rate:0
2026-04-28 17:19:59, MOVE, v:1, k:fup@loop_v, mode:EDIT
2026-04-28 17:20:02, MOVE, v:1, k:fup@loop_v, mode:EDIT
2026-04-28 17:20:51, EXEC, v:1, k:fup@loop_v, mode:FULL, rate:0, size:20
2026-04-28 17:20:53, EXEC, v:1, k:fup@loop_v, mode:FULL, rate:0
2026-04-28 17:21:20, EXEC, v:1, k:fup@loop_v, mode:FULL, rate:0, size:22
2026-04-28 17:21:21, EXEC, v:1, k:fup@loop_v, mode:FULL, rate:0
2026-04-28 17:21:21, EXEC, v:1, k:fup@loop_v, mode:FULL, rate:0
2026-04-28 17:21:21, EXEC, v:1, k:fup@loop_v, mode:FULL, rate:0
2026-04-28 17:21:22, EXEC, v:1, k:fup@loop_v, mode:FULL, rate:0
2026-04-28 17:21:22, EXEC, v:1, k:fup@loop_v, mode:FULL, rate:0
2026-04-28 17:21:22, EXEC, v:1, k:fup@loop_v, mode:FULL, rate:0
2026-04-28 17:21:22, EXEC, v:1, k:fup@loop_v, mode:FULL, rate:0
2026-04-28 17:21:23, EXEC, v:1, k:fup@loop_v, mode:FULL, rate:0
2026-04-28 17:21:23, EXEC, v:1, k:fup@loop_v, mode:FULL, rate:0
2026-04-28 17:21:23, EXEC, v:1, k:fup@loop_v, mode:FULL, rate:0
2026-04-28 17:22:08, MOVE, v:1, k:fup@loop_v, mode:EDIT
2026-04-28 17:21:23, MOVE, v:1, k:fup@loop_v, mode:EDIT
2026-04-28 17:36:23, EXEC, v:1, k:fup@loop_v, mode:FULL, rate:0, size:19
2026-04-28 17:36:24, EXEC, v:1, k:fup@loop_v, mode:FULL, rate:0
2026-04-28 17:36:57, EXEC, v:1, k:fup@loop_v, mode:FULL, rate:0
2026-04-28 17:36:58, EXEC, v:1, k:fup@loop_v, mode:FULL, rate:0, size:19
2026-04-28 17:37:36, EXEC, v:1, k:fup@loop_v, mode:FULL, rate:66, size:20
2026-04-28 17:37:34, MOVE, v:1, k:fup@loop_v, mode:EDIT
2026-04-28 17:37:36, MOVE, v:1, k:fup@loop_v, mode:EDIT
2026-04-28 17:42:05, EXEC, v:1, k:fup@loop_v, mode:FULL, rate:100, size:20
2026-04-28 17:42:46, EXEC, v:1, k:fup@loop_v, mode:FULL, rate:100
2026-04-28 17:42:52, SELF, v:1, k:fup@loop_v, self:1, rate:100, study:20
2026-04-28 17:42:04, MOVE, v:1, k:fup@loop_v, mode:EDIT
2026-04-28 17:42:46, MOVE, v:1, k:fup@loop_v, mode:EDIT
2026-04-28 17:57:37, MOVE, v:1, k:fup@loop_v, mode:BACK
2026-04-28 17:57:40, MOVE, v:1, k:fup@pares, mode:PICK
2026-04-28 17:57:41, EXEC, v:1, k:fup@pares, mode:FULL, rate:100
2026-04-28 17:57:42, MOVE, v:1, k:fup@pares, mode:BACK
2026-04-28 17:57:46, MOVE, v:1, k:fup@sapatos, mode:DOWN
2026-04-28 17:57:47, MOVE, v:1, k:fup@sapatos, mode:PICK
2026-04-28 17:57:48, EXEC, v:1, k:fup@sapatos, mode:FULL, rate:0, size:5
2026-04-28 17:57:41, MOVE, v:1, k:fup@pares, mode:EDIT
2026-04-28 17:57:46, MOVE, v:1, k:fup@sapatos, mode:EDIT
2026-04-28 17:57:46, MOVE, v:1, k:fup@sapatos, mode:EDIT
2026-04-28 17:57:48, MOVE, v:1, k:fup@sapatos, mode:EDIT
2026-04-28 17:59:37, MOVE, v:1, k:fup@sapatos, mode:EDIT
2026-04-28 18:01:24, MOVE, v:1, k:fup@sapatos, mode:EDIT
2026-04-28 18:14:02, EXEC, v:1, k:fup@sapatos, mode:FULL, size:13, fail:COMP
2026-04-28 18:14:04, EXEC, v:1, k:fup@sapatos, mode:FULL, fail:COMP
2026-04-28 18:14:36, EXEC, v:1, k:fup@sapatos, mode:FULL, rate:0, size:15
2026-04-28 18:14:34, MOVE, v:1, k:fup@sapatos, mode:EDIT
2026-04-28 18:14:36, MOVE, v:1, k:fup@sapatos, mode:EDIT
2026-04-28 18:16:44, EXEC, v:1, k:fup@sapatos, mode:FULL, rate:0, size:17
2026-04-28 18:17:09, EXEC, v:1, k:fup@sapatos, mode:FULL, rate:0, size:18
2026-04-28 18:17:16, EXEC, v:1, k:fup@sapatos, mode:FULL, rate:0, size:18
2026-04-28 18:18:23, EXEC, v:1, k:fup@sapatos, mode:FULL, rate:28, size:20
2026-04-28 18:19:19, EXEC, v:1, k:fup@sapatos, mode:FULL, rate:28
2026-04-28 18:19:48, EXEC, v:1, k:fup@sapatos, mode:FULL, rate:28, size:20
2026-04-28 18:20:04, EXEC, v:1, k:fup@sapatos, mode:FULL, rate:28
2026-04-28 18:20:05, EXEC, v:1, k:fup@sapatos, mode:FULL, rate:28
2026-04-28 18:20:05, EXEC, v:1, k:fup@sapatos, mode:FULL, rate:28
2026-04-28 18:20:05, EXEC, v:1, k:fup@sapatos, mode:FULL, rate:28
2026-04-28 18:20:06, EXEC, v:1, k:fup@sapatos, mode:FULL, rate:28
2026-04-28 18:20:06, EXEC, v:1, k:fup@sapatos, mode:FULL, rate:28
2026-04-28 18:20:06, EXEC, v:1, k:fup@sapatos, mode:FULL, rate:28
2026-04-28 18:20:11, MOVE, v:1, k:fup@sapatos, mode:BACK
2026-04-28 18:19:48, MOVE, v:1, k:fup@sapatos, mode:EDIT
2026-04-28 18:20:06, MOVE, v:1, k:fup@sapatos, mode:EDIT
2026-04-28 18:20:28, MOVE, v:1, k:fup@drone, mode:PICK
2026-04-28 18:20:29, EXEC, v:1, k:fup@drone, mode:FULL, rate:100
2026-04-28 18:20:29, EXEC, v:1, k:fup@drone, mode:FULL, rate:100
2026-04-28 18:20:30, MOVE, v:1, k:fup@drone, mode:BACK
