2026-04-27 16:50:14, MOVE, v:1, k:fup@teleferico, mode:PICK
2026-04-27 16:50:16, EXEC, v:1, k:fup@teleferico, mode:FULL, rate:62, size:14
2026-04-27 16:51:37, MOVE, v:1, k:fup@teleferico, mode:BACK
2026-04-27 16:52:09, MOVE, v:1, k:fup@goiabas, mode:DOWN
2026-04-27 16:52:10, MOVE, v:1, k:fup@goiabas, mode:PICK
2026-04-27 16:52:09, MOVE, v:1, k:fup@goiabas, mode:EDIT
2026-04-27 16:52:09, MOVE, v:1, k:fup@goiabas, mode:EDIT
2026-04-27 16:55:20, MOVE, v:1, k:fup@goiabas, mode:EDIT
2026-04-27 17:01:40, MOVE, v:1, k:fup@goiabas, mode:BACK
2026-04-27 17:03:47, MOVE, v:1, k:sandbox@user_001, mode:PICK
2026-04-27 17:03:48, EXEC, v:1, k:sandbox@user_001, mode:LOCK, rate:0, size:32
2026-04-27 17:03:50, MOVE, v:1, k:sandbox@user_001, mode:BACK
2026-04-27 17:03:55, MOVE, v:1, k:fup@max, mode:PICK
2026-04-27 17:03:56, EXEC, v:1, k:fup@max, mode:FULL, rate:100
2026-04-27 17:03:57, MOVE, v:1, k:fup@max, mode:BACK
2026-04-27 17:03:58, MOVE, v:1, k:fup@positivo, mode:PICK
2026-04-27 17:03:59, EXEC, v:1, k:fup@positivo, mode:FULL, rate:100
2026-04-27 17:03:59, EXEC, v:1, k:fup@positivo, mode:FULL, rate:100
2026-04-27 17:04:00, MOVE, v:1, k:fup@positivo, mode:BACK
2026-04-27 17:04:00, MOVE, v:1, k:fup@mumia, mode:PICK
2026-04-27 17:04:01, EXEC, v:1, k:fup@mumia, mode:FULL, rate:100
2026-04-27 17:04:01, MOVE, v:1, k:fup@mumia, mode:BACK
2026-04-27 17:04:02, MOVE, v:1, k:fup@jokenpo, mode:PICK
2026-04-27 17:04:02, EXEC, v:1, k:fup@jokenpo, mode:FULL, rate:100
2026-04-27 17:04:03, MOVE, v:1, k:fup@jokenpo, mode:BACK
2026-04-27 17:04:04, MOVE, v:1, k:fup@final, mode:PICK
2026-04-27 17:04:04, EXEC, v:1, k:fup@final, mode:FULL, rate:40
2026-04-27 17:04:05, MOVE, v:1, k:fup@final, mode:BACK
2026-04-27 17:04:05, MOVE, v:1, k:fup@final, mode:PICK
2026-04-27 17:04:06, EXEC, v:1, k:fup@final, mode:FULL, rate:40
2026-04-27 17:04:07, EXEC, v:1, k:fup@final, mode:FULL, rate:40
2026-04-27 17:04:07, MOVE, v:1, k:fup@final, mode:BACK
2026-04-27 17:04:08, MOVE, v:1, k:fup@cortada, mode:PICK
2026-04-27 17:04:10, EXEC, v:1, k:fup@cortada, mode:FULL, rate:100
2026-04-27 17:04:10, MOVE, v:1, k:fup@cortada, mode:BACK
2026-04-27 17:04:12, MOVE, v:1, k:fup@cortada, mode:PICK
2026-04-27 17:04:13, EXEC, v:1, k:fup@cortada, mode:FULL, rate:100
2026-04-27 17:04:13, MOVE, v:1, k:fup@cortada, mode:BACK
2026-04-27 17:04:14, MOVE, v:1, k:fup@cortada, mode:PICK
2026-04-27 17:04:15, EXEC, v:1, k:fup@cortada, mode:FULL, rate:100
2026-04-27 17:04:16, MOVE, v:1, k:fup@cortada, mode:BACK
2026-04-27 17:04:17, MOVE, v:1, k:fup@cortada, mode:PICK
2026-04-27 17:04:18, EXEC, v:1, k:fup@cortada, mode:FULL, rate:100
2026-04-27 17:04:19, EXEC, v:1, k:fup@cortada, mode:FULL, rate:100
2026-04-27 17:04:19, MOVE, v:1, k:fup@cortada, mode:BACK
2026-04-27 17:04:35, SELF, v:1, k:fup@cortada, self:1, rate:100, study:26
2026-04-27 17:04:36, MOVE, v:1, k:fup@monica, mode:PICK
2026-04-27 17:04:37, EXEC, v:1, k:fup@monica, mode:FULL, rate:100
2026-04-27 17:04:38, MOVE, v:1, k:fup@monica, mode:BACK
2026-04-27 17:04:40, MOVE, v:1, k:fup@teleferico, mode:PICK
2026-04-27 17:04:40, EXEC, v:1, k:fup@teleferico, mode:FULL, rate:62, size:15
2026-04-27 17:04:41, EXEC, v:1, k:fup@teleferico, mode:FULL, rate:62
2026-04-27 17:04:41, MOVE, v:1, k:fup@teleferico, mode:BACK
2026-04-27 17:05:02, MOVE, v:1, k:fup@mumia, mode:PICK
2026-04-27 17:05:03, EXEC, v:1, k:fup@mumia, mode:FULL, rate:100
2026-04-27 17:05:04, MOVE, v:1, k:fup@mumia, mode:BACK
2026-04-27 17:05:06, MOVE, v:1, k:fup@final, mode:PICK
2026-04-27 17:05:06, EXEC, v:1, k:fup@final, mode:FULL, rate:40
2026-04-27 17:05:07, MOVE, v:1, k:fup@final, mode:BACK
2026-04-27 17:05:15, MOVE, v:1, k:fup@loop_ii, mode:PICK
2026-04-27 17:05:16, EXEC, v:1, k:fup@loop_ii, mode:FULL, rate:100
2026-04-27 17:05:17, MOVE, v:1, k:fup@loop_ii, mode:BACK
2026-04-27 17:05:18, MOVE, v:1, k:fup@loop_iii, mode:PICK
2026-04-27 17:05:19, EXEC, v:1, k:fup@loop_iii, mode:FULL, rate:100
2026-04-27 17:05:20, MOVE, v:1, k:fup@loop_iii, mode:BACK
2026-04-27 17:05:29, MOVE, v:1, k:fup@loop_iv, mode:DOWN
2026-04-27 17:05:29, MOVE, v:1, k:fup@loop_iv, mode:PICK
2026-04-27 17:05:30, EXEC, v:1, k:fup@loop_iv, mode:FULL, rate:0, size:5
2026-04-27 17:05:30, EXEC, v:1, k:fup@loop_iv, mode:FULL, rate:0
2026-04-27 17:05:33, MOVE, v:1, k:fup@loop_iv, mode:BACK
2026-04-27 17:05:34, MOVE, v:1, k:fup@loop_iv, mode:PICK
2026-04-27 17:05:36, EXEC, v:1, k:fup@loop_iv, mode:FULL, rate:0
2026-04-27 17:05:40, MOVE, v:1, k:fup@loop_iv, mode:BACK
2026-04-27 17:05:58, MOVE, v:1, k:eval1@bala, mode:PICK
2026-04-27 17:05:59, EXEC, v:1, k:eval1@bala, mode:FULL, rate:100
2026-04-27 17:06:00, MOVE, v:1, k:eval1@bala, mode:BACK
2026-04-27 17:06:01, MOVE, v:1, k:eval1@mumia, mode:PICK
2026-04-27 17:06:03, EXEC, v:1, k:eval1@mumia, mode:FULL, rate:100
2026-04-27 17:06:03, MOVE, v:1, k:eval1@mumia, mode:BACK
2026-04-27 17:06:08, MOVE, v:1, k:eval1@mumia, mode:PICK
2026-04-27 17:06:09, EXEC, v:1, k:eval1@mumia, mode:FULL, rate:100
2026-04-27 17:06:10, EXEC, v:1, k:eval1@mumia, mode:FULL, rate:100
2026-04-27 17:06:19, SELF, v:1, k:eval1@mumia, self:1, rate:100, study:5
2026-04-27 17:06:20, EXEC, v:1, k:eval1@mumia, mode:FULL, rate:100
2026-04-27 17:06:21, MOVE, v:1, k:eval1@mumia, mode:BACK
2026-04-27 17:06:22, MOVE, v:1, k:eval1@monica, mode:PICK
2026-04-27 17:06:24, EXEC, v:1, k:eval1@monica, mode:FULL, rate:100
2026-04-27 17:06:25, MOVE, v:1, k:eval1@monica, mode:BACK
2026-04-27 17:06:27, MOVE, v:1, k:eval1@pares, mode:PICK
2026-04-27 17:06:29, EXEC, v:1, k:eval1@pares, mode:FULL, rate:85
2026-04-27 17:06:31, MOVE, v:1, k:eval1@pares, mode:BACK
2026-04-27 17:06:33, MOVE, v:1, k:eval1@ceu, mode:PICK
2026-04-27 17:06:34, EXEC, v:1, k:eval1@ceu, mode:FULL, rate:0
2026-04-27 17:06:37, MOVE, v:1, k:eval1@ceu, mode:BACK
2026-04-27 17:08:01, MOVE, v:1, k:eval1@pares, mode:PICK
2026-04-27 17:08:03, EXEC, v:1, k:eval1@pares, mode:FULL, rate:85
2026-04-27 17:08:43, EXEC, v:1, k:eval1@pares, mode:FULL, rate:14, size:20
2026-04-27 17:08:53, EXEC, v:1, k:eval1@pares, mode:FULL, rate:85, size:20
2026-04-27 17:05:29, MOVE, v:1, k:fup@loop_iv, mode:EDIT
2026-04-27 17:05:29, MOVE, v:1, k:fup@loop_iv, mode:EDIT
2026-04-27 17:05:36, MOVE, v:1, k:fup@loop_iv, mode:EDIT
2026-04-27 17:05:59, MOVE, v:1, k:eval1@bala, mode:EDIT
2026-04-27 17:06:20, MOVE, v:1, k:eval1@mumia, mode:EDIT
2026-04-27 17:06:23, MOVE, v:1, k:eval1@monica, mode:EDIT
2026-04-27 17:08:53, MOVE, v:1, k:eval1@pares, mode:EDIT
2026-04-27 17:06:34, MOVE, v:1, k:eval1@ceu, mode:EDIT
2026-04-27 17:09:09, MOVE, v:1, k:eval1@pares, mode:EDIT
2026-04-27 17:12:33, EXEC, v:1, k:eval1@pares, mode:FULL, rate:85, size:23
2026-04-27 17:12:53, EXEC, v:1, k:eval1@pares, mode:FULL, rate:85, size:23
2026-04-27 17:12:59, EXEC, v:1, k:eval1@pares, mode:FREE
2026-04-27 17:13:42, EXEC, v:1, k:eval1@pares, mode:FULL, rate:100, size:23
2026-04-27 17:13:55, SELF, v:1, k:eval1@pares, self:1, rate:100, study:25
2026-04-27 17:13:57, MOVE, v:1, k:eval1@pares, mode:BACK
2026-04-27 17:13:41, MOVE, v:1, k:eval1@pares, mode:EDIT
2026-04-27 17:13:42, MOVE, v:1, k:eval1@pares, mode:EDIT
2026-04-27 17:15:40, MOVE, v:1, k:fup@pares, mode:DOWN
2026-04-27 17:15:41, MOVE, v:1, k:fup@pares, mode:PICK
2026-04-27 17:15:42, EXEC, v:1, k:fup@pares, mode:FULL, rate:0, size:5
2026-04-27 17:15:56, EXEC, v:1, k:fup@pares, mode:FULL, rate:100, size:23
2026-04-27 17:16:26, SELF, v:1, k:fup@pares, self:1, rate:100, study:20
2026-04-27 17:16:28, MOVE, v:1, k:fup@pares, mode:BACK
2026-04-27 17:18:13, MOVE, v:1, k:sandbox@user_001, mode:PICK
2026-04-27 17:18:14, EXEC, v:1, k:sandbox@user_001, mode:LOCK, rate:0
2026-04-27 17:18:15, EXEC, v:1, k:sandbox@user_001, mode:LOCK, rate:0
2026-04-27 17:18:16, EXEC, v:1, k:sandbox@user_001, mode:LOCK, rate:0
2026-04-27 17:18:16, EXEC, v:1, k:sandbox@user_001, mode:LOCK, rate:0
2026-04-27 17:18:16, EXEC, v:1, k:sandbox@user_001, mode:LOCK, rate:0
2026-04-27 17:18:16, EXEC, v:1, k:sandbox@user_001, mode:LOCK, rate:0
2026-04-27 17:18:17, EXEC, v:1, k:sandbox@user_001, mode:LOCK, rate:0
2026-04-27 17:18:17, EXEC, v:1, k:sandbox@user_001, mode:LOCK, rate:0
2026-04-27 17:18:18, EXEC, v:1, k:sandbox@user_001, mode:LOCK, rate:0
2026-04-27 17:18:51, MOVE, v:1, k:sandbox@user_001, mode:BACK
2026-04-27 17:19:29, MOVE, v:1, k:fup@vet_ii, mode:PICK
2026-04-27 17:19:30, EXEC, v:1, k:fup@vet_ii, mode:FULL, rate:0
2026-04-27 17:19:34, MOVE, v:1, k:fup@vet_ii, mode:BACK
2026-04-27 17:19:37, MOVE, v:1, k:fup@vet_iii, mode:DOWN
2026-04-27 17:19:38, MOVE, v:1, k:fup@vet_iii, mode:PICK
2026-04-27 17:19:39, EXEC, v:1, k:fup@vet_iii, mode:FULL, rate:0, size:5
2026-04-27 17:19:41, MOVE, v:1, k:fup@vet_iii, mode:BACK
2026-04-27 17:20:04, MOVE, v:1, k:eval1@bala, mode:PICK
2026-04-27 17:20:05, EXEC, v:1, k:eval1@bala, mode:FULL, rate:100
2026-04-27 17:20:06, MOVE, v:1, k:eval1@bala, mode:BACK
2026-04-27 17:20:11, MOVE, v:1, k:eval1@pares, mode:PICK
2026-04-27 17:20:11, MOVE, v:1, k:eval1@pares, mode:BACK
2026-04-27 17:20:12, MOVE, v:1, k:eval1@pares, mode:PICK
2026-04-27 17:20:14, EXEC, v:1, k:eval1@pares, mode:FULL, rate:100
2026-04-27 17:20:15, MOVE, v:1, k:eval1@pares, mode:BACK
2026-04-27 17:21:54, MOVE, v:1, k:fup@salario, mode:DOWN
2026-04-27 17:21:54, MOVE, v:1, k:fup@salario, mode:PICK
2026-04-27 17:21:56, EXEC, v:1, k:fup@salario, mode:FULL, rate:0, size:5
2026-04-27 17:19:30, MOVE, v:1, k:fup@vet_ii, mode:EDIT
2026-04-27 17:19:37, MOVE, v:1, k:fup@vet_iii, mode:EDIT
2026-04-27 17:19:37, MOVE, v:1, k:fup@vet_iii, mode:EDIT
2026-04-27 17:19:37, MOVE, v:1, k:fup@vet_iii, mode:EDIT
2026-04-27 17:19:39, MOVE, v:1, k:fup@vet_iii, mode:EDIT
2026-04-27 17:20:05, MOVE, v:1, k:eval1@bala, mode:EDIT
2026-04-27 17:20:14, MOVE, v:1, k:eval1@pares, mode:EDIT
2026-04-27 17:21:54, MOVE, v:1, k:fup@salario, mode:EDIT
2026-04-27 17:21:54, MOVE, v:1, k:fup@salario, mode:EDIT
2026-04-27 17:23:55, MOVE, v:1, k:fup@salario, mode:EDIT
2026-04-27 17:21:56, MOVE, v:1, k:fup@salario, mode:EDIT
2026-04-27 17:26:49, EXEC, v:1, k:fup@salario, mode:FULL, rate:0, size:13
2026-04-27 17:27:17, EXEC, v:1, k:fup@salario, mode:FULL, rate:0, size:13
2026-04-27 17:28:40, MOVE, v:1, k:fup@salario, mode:EDIT
2026-04-27 17:27:17, MOVE, v:1, k:fup@salario, mode:EDIT
2026-04-27 17:29:19, EXEC, v:1, k:fup@salario, mode:FULL, rate:0, size:22
2026-04-27 17:30:29, EXEC, v:1, k:fup@salario, mode:FULL, rate:0, size:22
2026-04-27 17:31:21, EXEC, v:1, k:fup@salario, mode:FULL, rate:0, size:22
2026-04-27 17:32:27, EXEC, v:1, k:fup@salario, mode:FULL, rate:0, size:22
2026-04-27 17:32:45, EXEC, v:1, k:fup@salario, mode:FULL, rate:100, size:22
2026-04-27 17:32:55, SELF, v:1, k:fup@salario, self:1, rate:100, study:8
2026-04-27 17:32:57, MOVE, v:1, k:fup@salario, mode:BACK
2026-04-27 17:33:05, MOVE, v:1, k:fup@game10, mode:DOWN
2026-04-27 17:33:06, MOVE, v:1, k:fup@game10, mode:PICK
2026-04-27 17:33:07, EXEC, v:1, k:fup@game10, mode:FULL, rate:0, size:5
2026-04-27 17:32:44, MOVE, v:1, k:fup@salario, mode:EDIT
2026-04-27 17:32:45, MOVE, v:1, k:fup@salario, mode:EDIT
2026-04-27 17:33:05, MOVE, v:1, k:fup@game10, mode:EDIT
2026-04-27 17:33:05, MOVE, v:1, k:fup@game10, mode:EDIT
2026-04-27 17:33:16, MOVE, v:1, k:fup@game10, mode:EDIT
2026-04-27 17:33:07, MOVE, v:1, k:fup@game10, mode:EDIT
2026-04-27 17:52:43, MOVE, v:1, k:fup@game10, mode:BACK
2026-04-27 17:53:32, MOVE, v:1, k:fup@goiabas, mode:PICK
2026-04-27 17:53:33, EXEC, v:1, k:fup@goiabas, mode:FULL, size:9, fail:COMP
2026-04-27 17:53:46, MOVE, v:1, k:fup@goiabas, mode:BACK
2026-04-27 17:55:01, MOVE, v:1, k:sandbox@user_002, mode:PICK
2026-04-27 17:55:02, EXEC, v:1, k:sandbox@user_002, mode:LOCK, rate:0, size:5
2026-04-27 17:58:55, MOVE, v:1, k:sandbox@user_002, mode:EDIT
2026-04-27 17:54:56, MOVE, v:1, k:sandbox@user_002, mode:EDIT
2026-04-27 17:55:02, MOVE, v:1, k:sandbox@user_002, mode:EDIT
2026-04-27 18:03:42, MOVE, v:1, k:sandbox@user_002, mode:EDIT
2026-04-27 18:08:57, MOVE, v:1, k:sandbox@user_002, mode:EDIT
2026-04-27 18:13:15, MOVE, v:1, k:sandbox@user_002, mode:EDIT
2026-04-27 18:18:55, MOVE, v:1, k:sandbox@user_002, mode:EDIT
2026-04-27 18:23:57, MOVE, v:1, k:sandbox@user_002, mode:EDIT
2026-04-27 18:28:02, EXEC, v:1, k:sandbox@user_002, mode:LOCK, rate:0, size:62
