2026-04-07 13:26:56, MOVE, v:1, k:fup@quebrada, mode:DOWN
2026-04-07 13:27:00, MOVE, v:1, k:fup@quebrada, mode:PICK
2026-04-07 13:27:04, EXEC, v:1, k:fup@quebrada, mode:FULL, rate:0, size:5
2026-04-07 13:31:19, EXEC, v:1, k:fup@quebrada, mode:FULL, rate:0, size:12
2026-04-07 13:32:04, EXEC, v:1, k:fup@quebrada, mode:FULL, rate:0, size:12
2026-04-07 13:32:34, EXEC, v:1, k:fup@quebrada, mode:FULL, rate:0, size:13
2026-04-07 13:32:37, EXEC, v:1, k:fup@quebrada, mode:FULL, rate:0
2026-04-07 13:33:55, EXEC, v:1, k:fup@quebrada, mode:FULL, rate:100, size:14
2026-04-07 13:34:50, MOVE, v:1, k:fup@quebrada, mode:BACK
2026-04-07 13:35:36, SELF, v:1, k:fup@quebrada, self:1, rate:100, study:20
2026-04-07 13:35:42, MOVE, v:1, k:fup@operacoes, mode:DOWN
2026-04-07 13:36:19, MOVE, v:1, k:fup@operacoes, mode:PICK
2026-04-07 13:36:21, EXEC, v:1, k:fup@operacoes, mode:FULL, rate:0, size:5
2026-04-07 13:38:58, EXEC, v:1, k:fup@operacoes, mode:FULL, rate:0, size:18
2026-04-07 13:39:33, EXEC, v:1, k:fup@operacoes, mode:FULL, rate:0, size:18
2026-04-07 13:41:51, EXEC, v:1, k:fup@operacoes, mode:FULL, rate:40, size:20
2026-04-07 13:42:39, EXEC, v:1, k:fup@operacoes, mode:FULL, rate:40
2026-04-07 13:46:54, EXEC, v:1, k:fup@operacoes, mode:FULL, size:24, fail:COMP
2026-04-07 13:48:04, EXEC, v:1, k:fup@operacoes, mode:FULL, rate:40, size:20
2026-04-07 13:48:04, EXEC, v:1, k:fup@operacoes, mode:FULL, rate:40, size:20
2026-04-07 13:48:15, EXEC, v:1, k:fup@operacoes, mode:FULL, rate:40, size:20
2026-04-07 16:27:53, MOVE, v:1, k:fup@abs, mode:DOWN
2026-04-07 16:30:31, MOVE, v:1, k:fup@abs, mode:PICK
2026-04-07 16:30:34, EXEC, v:1, k:fup@abs, mode:FULL, rate:0, size:9
2026-04-07 16:27:53, MOVE, v:1, k:fup@abs, mode:EDIT
2026-04-07 16:30:45, MOVE, v:1, k:fup@abs, mode:EDIT
2026-04-07 16:30:34, MOVE, v:1, k:fup@abs, mode:EDIT
2026-04-07 16:36:01, EXEC, v:1, k:fup@abs, mode:FULL, size:11, fail:COMP
2026-04-07 16:36:41, MOVE, v:1, k:fup@abs, mode:EDIT
2026-04-07 16:39:06, EXEC, v:1, k:fup@abs, mode:FULL, rate:0, size:13
2026-04-07 16:41:57, EXEC, v:1, k:fup@abs, mode:FULL, rate:100, size:14
2026-04-07 16:40:46, MOVE, v:1, k:fup@abs, mode:EDIT
2026-04-07 16:41:57, MOVE, v:1, k:fup@abs, mode:EDIT
2026-04-07 16:43:58, MOVE, v:1, k:fup@abs, mode:BACK
