2026-04-14 00:07:32, MOVE, v:1, k:fup@cortada, mode:DOWN
2026-04-14 00:07:35, MOVE, v:1, k:fup@cortada, mode:PICK
2026-04-14 00:07:40, EXEC, v:1, k:fup@cortada, mode:FULL, rate:0, size:5
2026-04-14 00:07:32, MOVE, v:1, k:fup@cortada, mode:EDIT
2026-04-14 00:07:32, MOVE, v:1, k:fup@cortada, mode:EDIT
2026-04-14 00:07:54, MOVE, v:1, k:fup@cortada, mode:EDIT
2026-04-14 00:07:39, MOVE, v:1, k:fup@cortada, mode:EDIT
2026-04-14 16:35:35, MOVE, v:1, k:fup@cortada, mode:PICK
2026-04-14 16:35:43, EXEC, v:1, k:fup@cortada, mode:FULL, rate:0, size:5
2026-04-14 16:35:42, MOVE, v:1, k:fup@cortada, mode:EDIT
2026-04-14 16:40:18, MOVE, v:1, k:fup@cortada, mode:EDIT
2026-04-14 16:42:29, MOVE, v:1, k:fup@cortada, mode:BACK
2026-04-14 16:42:58, MOVE, v:1, k:sandbox@user_001, mode:PICK
2026-04-14 16:42:59, EXEC, v:1, k:sandbox@user_001, mode:LOCK, rate:0, size:5
2026-04-14 16:41:52, MOVE, v:1, k:fup@cortada, mode:EDIT
2026-04-14 16:42:50, MOVE, v:1, k:sandbox@user_001, mode:EDIT
2026-04-14 16:42:59, MOVE, v:1, k:sandbox@user_001, mode:EDIT
2026-04-14 16:45:15, MOVE, v:1, k:sandbox@user_001, mode:EDIT
2026-04-14 16:45:32, EXEC, v:1, k:sandbox@user_001, mode:LOCK, rate:0, size:7
2026-04-14 16:45:34, EXEC, v:1, k:sandbox@user_001, mode:LOCK, rate:0
2026-04-14 16:49:05, EXEC, v:1, k:sandbox@user_001, mode:LOCK, rate:0, size:9
2026-04-14 16:49:13, EXEC, v:1, k:sandbox@user_001, mode:LOCK, rate:0, size:9
2026-04-14 16:49:20, EXEC, v:1, k:sandbox@user_001, mode:LOCK, rate:0, size:9
2026-04-14 16:49:22, EXEC, v:1, k:sandbox@user_001, mode:LOCK, rate:0, size:9
2026-04-14 16:49:22, EXEC, v:1, k:sandbox@user_001, mode:LOCK, rate:0, size:9
2026-04-14 16:49:23, EXEC, v:1, k:sandbox@user_001, mode:LOCK, rate:0, size:9
2026-04-14 16:50:20, MOVE, v:1, k:sandbox@user_001, mode:EDIT
2026-04-14 16:49:23, MOVE, v:1, k:sandbox@user_001, mode:EDIT
2026-04-14 16:50:42, EXEC, v:1, k:sandbox@user_001, mode:LOCK, rate:0, size:9
2026-04-14 16:51:14, EXEC, v:1, k:sandbox@user_001, mode:LOCK, rate:0, size:10
2026-04-14 16:51:21, EXEC, v:1, k:sandbox@user_001, mode:LOCK, rate:0, size:10
2026-04-14 16:51:31, EXEC, v:1, k:sandbox@user_001, mode:LOCK, rate:0, size:10
2026-04-14 16:51:35, EXEC, v:1, k:sandbox@user_001, mode:LOCK, rate:0
2026-04-14 16:51:38, EXEC, v:1, k:sandbox@user_001, mode:LOCK, rate:0, size:10
2026-04-14 16:55:08, EXEC, v:1, k:sandbox@user_001, mode:LOCK, rate:0, size:11
2026-04-14 16:55:08, MOVE, v:1, k:sandbox@user_001, mode:EDIT
2026-04-14 16:55:08, MOVE, v:1, k:sandbox@user_001, mode:EDIT
2026-04-14 16:56:16, EXEC, v:1, k:sandbox@user_001, mode:LOCK, rate:0, size:11
2026-04-14 16:56:29, EXEC, v:1, k:sandbox@user_001, mode:LOCK, rate:0, size:12
2026-04-14 16:56:33, EXEC, v:1, k:sandbox@user_001, mode:LOCK, rate:0
2026-04-14 16:56:42, EXEC, v:1, k:sandbox@user_001, mode:LOCK, rate:0, size:12
2026-04-14 16:57:05, EXEC, v:1, k:sandbox@user_001, mode:LOCK, rate:0, size:12
2026-04-14 16:57:13, EXEC, v:1, k:sandbox@user_001, mode:LOCK, rate:0, size:12
2026-04-14 16:57:16, EXEC, v:1, k:sandbox@user_001, mode:LOCK, rate:0, size:12
2026-04-14 16:59:39, EXEC, v:1, k:sandbox@user_001, mode:LOCK, rate:0, size:15
2026-04-14 17:00:17, MOVE, v:1, k:sandbox@user_001, mode:EDIT
2026-04-14 16:59:39, MOVE, v:1, k:sandbox@user_001, mode:EDIT
2026-04-14 17:00:28, EXEC, v:1, k:sandbox@user_001, mode:LOCK, rate:0, size:18
2026-04-14 17:01:26, MOVE, v:1, k:sandbox@user_001, mode:BACK
2026-04-14 17:01:27, MOVE, v:1, k:sandbox@user_001, mode:PICK
2026-04-14 17:01:28, EXEC, v:1, k:sandbox@user_001, mode:LOCK, rate:0
2026-04-14 17:01:31, EXEC, v:1, k:sandbox@user_001, mode:FREE
2026-04-14 17:03:35, MOVE, v:1, k:sandbox@user_001, mode:EDIT
2026-04-14 17:05:18, MOVE, v:1, k:sandbox@user_001, mode:EDIT
2026-04-14 17:09:59, MOVE, v:1, k:sandbox@user_001, mode:EDIT
2026-04-14 17:09:42, MOVE, v:1, k:sandbox@user_001, mode:EDIT
2026-04-14 17:15:18, MOVE, v:1, k:sandbox@user_001, mode:EDIT
2026-04-14 17:14:47, MOVE, v:1, k:sandbox@user_001, mode:EDIT
2026-04-14 17:19:57, MOVE, v:1, k:sandbox@user_001, mode:EDIT
2026-04-14 17:19:59, MOVE, v:1, k:sandbox@user_001, mode:EDIT
2026-04-14 17:25:19, MOVE, v:1, k:sandbox@user_001, mode:EDIT
2026-04-14 17:20:54, MOVE, v:1, k:sandbox@user_001, mode:EDIT
2026-04-14 17:30:00, MOVE, v:1, k:sandbox@user_001, mode:EDIT
2026-04-14 17:29:54, MOVE, v:1, k:sandbox@user_001, mode:EDIT
2026-04-14 17:30:32, MOVE, v:1, k:sandbox@user_001, mode:BACK
2026-04-14 17:31:00, MOVE, v:1, k:fup@loop_ii, mode:PICK
2026-04-14 17:31:01, EXEC, v:1, k:fup@loop_ii, mode:FULL, rate:0, size:11
