2026-04-26 20:48:04, MOVE, v:1, k:fup@drone, mode:PICK
2026-04-26 20:48:06, EXEC, v:1, k:fup@drone, mode:FULL, rate:100
2026-04-26 20:48:07, EXEC, v:1, k:fup@drone, mode:FULL, rate:100
2026-04-26 20:48:08, MOVE, v:1, k:fup@drone, mode:BACK
2026-04-26 20:48:07, MOVE, v:1, k:fup@drone, mode:EDIT
2026-04-26 20:56:23, MOVE, v:1, k:fup@teleferico, mode:PICK
2026-04-26 20:56:25, EXEC, v:1, k:fup@teleferico, mode:FULL, size:13, fail:COMP
2026-04-26 20:56:26, EXEC, v:1, k:fup@teleferico, mode:FULL, fail:COMP
2026-04-26 20:56:26, EXEC, v:1, k:fup@teleferico, mode:FULL, fail:COMP
2026-04-26 20:56:27, EXEC, v:1, k:fup@teleferico, mode:FULL, fail:COMP
2026-04-26 20:56:27, EXEC, v:1, k:fup@teleferico, mode:FULL, fail:COMP
2026-04-26 20:56:27, EXEC, v:1, k:fup@teleferico, mode:FULL, fail:COMP
2026-04-26 20:56:27, EXEC, v:1, k:fup@teleferico, mode:FULL, fail:COMP
2026-04-26 20:56:27, EXEC, v:1, k:fup@teleferico, mode:FULL, fail:COMP
2026-04-26 20:59:28, EXEC, v:1, k:fup@teleferico, mode:FULL, rate:25, size:14
2026-04-26 20:59:56, EXEC, v:1, k:fup@teleferico, mode:FULL, rate:62, size:14
2026-04-26 21:00:53, EXEC, v:1, k:fup@teleferico, mode:FULL, rate:50, size:14
2026-04-26 21:01:13, EXEC, v:1, k:fup@teleferico, mode:FULL, rate:50, size:14
2026-04-26 21:40:58, MOVE, v:1, k:fup@teleferico, mode:PICK
2026-04-26 21:40:59, EXEC, v:1, k:fup@teleferico, mode:FULL, rate:50
2026-04-26 21:42:04, EXEC, v:1, k:fup@teleferico, mode:FULL, rate:50, size:14
2026-04-26 21:42:14, EXEC, v:1, k:fup@teleferico, mode:FULL, rate:50, size:14
2026-04-26 21:42:24, MOVE, v:1, k:fup@teleferico, mode:PICK
